This file contains any messages produced by compilers while
running configure, to aid debugging if configure makes a mistake.

It was created by gtk_oyranos configure 0.1, which was
generated by GNU Autoconf 2.68.  Invocation command line was

  $ /home/nitin/gtk_oyranos/configure --enable-maintainer-mode --enable-maintainer-mode CFLAGS=-g -O0 CXXFLAGS=-g -O0 JFLAGS=-g -O0 FFLAGS=-g -O0

## --------- ##
## Platform. ##
## --------- ##

hostname = linux-2kbl.site
uname -m = x86_64
uname -r = 2.6.37.1-1.2-desktop
uname -s = Linux
uname -v = #1 SMP PREEMPT 2011-02-21 10:34:10 +0100

/usr/bin/uname -p = unknown
/bin/uname -X     = unknown

/bin/arch              = x86_64
/usr/bin/arch -k       = unknown
/usr/convex/getsysinfo = unknown
/usr/bin/hostinfo      = unknown
/bin/machine           = unknown
/usr/bin/oslevel       = unknown
/bin/universe          = unknown

PATH: /usr/lib64/mpi/gcc/openmpi/bin
PATH: /home/nitin/bin
PATH: /usr/local/bin
PATH: /usr/bin
PATH: /bin
PATH: /usr/bin/X11
PATH: /usr/X11R6/bin
PATH: /usr/games
PATH: /opt/kde3/bin
PATH: /usr/lib/mit/bin
PATH: /usr/lib/mit/sbin


## ----------- ##
## Core tests. ##
## ----------- ##

configure:2435: checking for a BSD-compatible install
configure:2503: result: /usr/bin/install -c
configure:2514: checking whether build environment is sane
configure:2564: result: yes
configure:2705: checking for a thread-safe mkdir -p
configure:2744: result: /bin/mkdir -p
configure:2757: checking for gawk
configure:2773: found /usr/bin/gawk
configure:2784: result: gawk
configure:2795: checking whether make sets $(MAKE)
configure:2817: result: yes
configure:2900: checking whether to enable maintainer-specific portions of Makefiles
configure:2909: result: yes
configure:2971: checking for gcc
configure:2987: found /usr/bin/gcc
configure:2998: result: gcc
configure:3227: checking for C compiler version
configure:3236: gcc --version >&5
gcc (SUSE Linux) 4.5.1 20101208 [gcc-4_5-branch revision 167585]
Copyright (C) 2010 Free Software Foundation, Inc.
This is free software; see the source for copying conditions.  There is NO
warranty; not even for MERCHANTABILITY or FITNESS FOR A PARTICULAR PURPOSE.

configure:3247: $? = 0
configure:3236: gcc -v >&5
Using built-in specs.
COLLECT_GCC=gcc
COLLECT_LTO_WRAPPER=/usr/lib64/gcc/x86_64-suse-linux/4.5/lto-wrapper
Target: x86_64-suse-linux
Configured with: ../configure --prefix=/usr --infodir=/usr/share/info --mandir=/usr/share/man --libdir=/usr/lib64 --libexecdir=/usr/lib64 --enable-languages=c,c++,objc,fortran,obj-c++,java,ada --enable-checking=release --with-gxx-include-dir=/usr/include/c++/4.5 --enable-ssp --disable-libssp --disable-plugin --with-bugurl=http://bugs.opensuse.org/ --with-pkgversion='SUSE Linux' --disable-libgcj --disable-libmudflap --with-slibdir=/lib64 --with-system-zlib --enable-__cxa_atexit --enable-libstdcxx-allocator=new --disable-libstdcxx-pch --enable-version-specific-runtime-libs --program-suffix=-4.5 --enable-linux-futex --without-system-libunwind --enable-gold --with-plugin-ld=/usr/bin/gold --with-arch-32=i586 --with-tune=generic --build=x86_64-suse-linux
Thread model: posix
gcc version 4.5.1 20101208 [gcc-4_5-branch revision 167585] (SUSE Linux) 
configure:3247: $? = 0
configure:3236: gcc -V >&5
gcc: '-V' option must have argument
configure:3247: $? = 1
configure:3236: gcc -qversion >&5
gcc: unrecognized option '-qversion'
gcc: no input files
configure:3247: $? = 1
configure:3267: checking whether the C compiler works
configure:3289: gcc -g -O0   conftest.c  >&5
configure:3293: $? = 0
configure:3341: result: yes
configure:3344: checking for C compiler default output file name
configure:3346: result: a.out
configure:3352: checking for suffix of executables
configure:3359: gcc -o conftest -g -O0   conftest.c  >&5
configure:3363: $? = 0
configure:3385: result: 
configure:3407: checking whether we are cross compiling
configure:3415: gcc -o conftest -g -O0   conftest.c  >&5
configure:3419: $? = 0
configure:3426: ./conftest
configure:3430: $? = 0
configure:3445: result: no
configure:3450: checking for suffix of object files
configure:3472: gcc -c -g -O0  conftest.c >&5
configure:3476: $? = 0
configure:3497: result: o
configure:3501: checking whether we are using the GNU C compiler
configure:3520: gcc -c -g -O0  conftest.c >&5
configure:3520: $? = 0
configure:3529: result: yes
configure:3538: checking whether gcc accepts -g
configure:3558: gcc -c -g  conftest.c >&5
configure:3558: $? = 0
configure:3599: result: yes
configure:3616: checking for gcc option to accept ISO C89
configure:3680: gcc  -c -g -O0  conftest.c >&5
configure:3680: $? = 0
configure:3693: result: none needed
configure:3724: checking for style of include used by make
configure:3752: result: GNU
configure:3777: checking dependency style of gcc
configure:3887: result: gcc3
configure:3919: checking how to run the C preprocessor
configure:3950: gcc -E  conftest.c
configure:3950: $? = 0
configure:3964: gcc -E  conftest.c
conftest.c:12:28: fatal error: ac_nonexistent.h: No such file or directory
compilation terminated.
configure:3964: $? = 1
configure: failed program was:
| /* confdefs.h */
| #define PACKAGE_NAME "gtk_oyranos"
| #define PACKAGE_TARNAME "gtk_oyranos"
| #define PACKAGE_VERSION "0.1"
| #define PACKAGE_STRING "gtk_oyranos 0.1"
| #define PACKAGE_BUGREPORT ""
| #define PACKAGE_URL ""
| #define PACKAGE "gtk_oyranos"
| #define VERSION "0.1"
| #define GETTEXT_PACKAGE "gtk_oyranos"
| /* end confdefs.h.  */
| #include <ac_nonexistent.h>
configure:3989: result: gcc -E
configure:4009: gcc -E  conftest.c
configure:4009: $? = 0
configure:4023: gcc -E  conftest.c
conftest.c:12:28: fatal error: ac_nonexistent.h: No such file or directory
compilation terminated.
configure:4023: $? = 1
configure: failed program was:
| /* confdefs.h */
| #define PACKAGE_NAME "gtk_oyranos"
| #define PACKAGE_TARNAME "gtk_oyranos"
| #define PACKAGE_VERSION "0.1"
| #define PACKAGE_STRING "gtk_oyranos 0.1"
| #define PACKAGE_BUGREPORT ""
| #define PACKAGE_URL ""
| #define PACKAGE "gtk_oyranos"
| #define VERSION "0.1"
| #define GETTEXT_PACKAGE "gtk_oyranos"
| /* end confdefs.h.  */
| #include <ac_nonexistent.h>
configure:4052: checking for grep that handles long lines and -e
configure:4110: result: /usr/bin/grep
configure:4115: checking for egrep
configure:4177: result: /usr/bin/grep -E
configure:4182: checking for ANSI C header files
configure:4202: gcc -c -g -O0  conftest.c >&5
configure:4202: $? = 0
configure:4275: gcc -o conftest -g -O0   conftest.c  >&5
configure:4275: $? = 0
configure:4275: ./conftest
configure:4275: $? = 0
configure:4286: result: yes
configure:4299: checking for sys/types.h
configure:4299: gcc -c -g -O0  conftest.c >&5
configure:4299: $? = 0
configure:4299: result: yes
configure:4299: checking for sys/stat.h
configure:4299: gcc -c -g -O0  conftest.c >&5
configure:4299: $? = 0
configure:4299: result: yes
configure:4299: checking for stdlib.h
configure:4299: gcc -c -g -O0  conftest.c >&5
configure:4299: $? = 0
configure:4299: result: yes
configure:4299: checking for string.h
configure:4299: gcc -c -g -O0  conftest.c >&5
configure:4299: $? = 0
configure:4299: result: yes
configure:4299: checking for memory.h
configure:4299: gcc -c -g -O0  conftest.c >&5
configure:4299: $? = 0
configure:4299: result: yes
configure:4299: checking for strings.h
configure:4299: gcc -c -g -O0  conftest.c >&5
configure:4299: $? = 0
configure:4299: result: yes
configure:4299: checking for inttypes.h
configure:4299: gcc -c -g -O0  conftest.c >&5
configure:4299: $? = 0
configure:4299: result: yes
configure:4299: checking for stdint.h
configure:4299: gcc -c -g -O0  conftest.c >&5
configure:4299: $? = 0
configure:4299: result: yes
configure:4299: checking for unistd.h
configure:4299: gcc -c -g -O0  conftest.c >&5
configure:4299: $? = 0
configure:4299: result: yes
configure:4314: checking locale.h usability
configure:4314: gcc -c -g -O0  conftest.c >&5
configure:4314: $? = 0
configure:4314: result: yes
configure:4314: checking locale.h presence
configure:4314: gcc -E  conftest.c
configure:4314: $? = 0
configure:4314: result: yes
configure:4314: checking for locale.h
configure:4314: result: yes
configure:4325: checking for LC_MESSAGES
configure:4341: gcc -o conftest -g -O0   conftest.c  >&5
configure:4341: $? = 0
configure:4349: result: yes
configure:4366: checking libintl.h usability
configure:4366: gcc -c -g -O0  conftest.c >&5
configure:4366: $? = 0
configure:4366: result: yes
configure:4366: checking libintl.h presence
configure:4366: gcc -E  conftest.c
configure:4366: $? = 0
configure:4366: result: yes
configure:4366: checking for libintl.h
configure:4366: result: yes
configure:4374: checking for ngettext in libc
configure:4392: gcc -o conftest -g -O0   conftest.c  >&5
configure:4392: $? = 0
configure:4401: result: yes
configure:4405: checking for dgettext in libc
configure:4423: gcc -o conftest -g -O0   conftest.c  >&5
configure:4423: $? = 0
configure:4432: result: yes
configure:4439: checking for bind_textdomain_codeset
configure:4439: gcc -o conftest -g -O0   conftest.c  >&5
configure:4439: $? = 0
configure:4439: result: yes
configure:4715: checking for msgfmt
configure:4742: result: /usr/bin/msgfmt
configure:4753: checking for dcgettext
configure:4753: gcc -o conftest -g -O0   conftest.c   >&5
conftest.c:49:6: warning: conflicting types for built-in function 'dcgettext'
configure:4753: $? = 0
configure:4753: result: yes
configure:4763: checking if msgfmt accepts -c
configure:4778: $MSGFMT -c -o /dev/null conftest.foo
configure:4781: $? = 0
configure:4783: result: yes
configure:4793: checking for gmsgfmt
configure:4824: result: /usr/bin/msgfmt
configure:4834: checking for xgettext
configure:4861: result: /usr/bin/xgettext
configure:4880: gcc -o conftest -g -O0   conftest.c   >&5
configure:4880: $? = 0
configure:5016: checking whether NLS is requested
configure:5025: result: yes
configure:5040: checking for intltool >= 0.35.0
configure:5047: result: 0.41.1 found
configure:5055: checking for intltool-update
configure:5073: found /usr/bin/intltool-update
configure:5085: result: /usr/bin/intltool-update
configure:5095: checking for intltool-merge
configure:5113: found /usr/bin/intltool-merge
configure:5125: result: /usr/bin/intltool-merge
configure:5135: checking for intltool-extract
configure:5153: found /usr/bin/intltool-extract
configure:5165: result: /usr/bin/intltool-extract
configure:5296: checking for xgettext
configure:5326: result: /usr/bin/xgettext
configure:5336: checking for msgmerge
configure:5354: found /usr/bin/msgmerge
configure:5366: result: /usr/bin/msgmerge
configure:5376: checking for msgfmt
configure:5406: result: /usr/bin/msgfmt
configure:5416: checking for gmsgfmt
configure:5447: result: /usr/bin/msgfmt
configure:5467: checking for perl
configure:5485: found /usr/bin/perl
configure:5497: result: /usr/bin/perl
configure:5508: checking for perl >= 5.8.1
configure:5515: result: 5.12.3
configure:5519: checking for XML::Parser
configure:5522: result: ok
configure:5605: checking build system type
configure:5619: result: x86_64-suse-linux-gnu
configure:5639: checking host system type
configure:5652: result: x86_64-suse-linux-gnu
configure:5672: checking for a sed that does not truncate output
configure:5736: result: /usr/bin/sed
configure:5754: checking for fgrep
configure:5816: result: /usr/bin/grep -F
configure:5851: checking for ld used by gcc
configure:5918: result: /usr/x86_64-suse-linux/bin/ld
configure:5925: checking if the linker (/usr/x86_64-suse-linux/bin/ld) is GNU ld
configure:5940: result: yes
configure:5952: checking for BSD- or MS-compatible name lister (nm)
configure:6001: result: /usr/bin/nm -B
configure:6119: checking the name lister (/usr/bin/nm -B) interface
configure:6126: gcc -c -g -O0  conftest.c >&5
configure:6129: /usr/bin/nm -B "conftest.o"
configure:6132: output
0000000000000000 B some_variable
configure:6139: result: BSD nm
configure:6142: checking whether ln -s works
configure:6146: result: yes
configure:6154: checking the maximum length of command line arguments
configure:6274: result: 1572864
configure:6291: checking whether the shell understands some XSI constructs
configure:6301: result: yes
configure:6305: checking whether the shell understands "+="
configure:6311: result: yes
configure:6346: checking for /usr/x86_64-suse-linux/bin/ld option to reload object files
configure:6353: result: -r
configure:6422: checking for objdump
configure:6438: found /usr/bin/objdump
configure:6449: result: objdump
configure:6481: checking how to recognize dependent libraries
configure:6677: result: pass_all
configure:6737: checking for ar
configure:6753: found /usr/bin/ar
configure:6764: result: ar
configure:6842: checking for strip
configure:6858: found /usr/bin/strip
configure:6869: result: strip
configure:6941: checking for ranlib
configure:6957: found /usr/bin/ranlib
configure:6968: result: ranlib
configure:7058: checking command to parse /usr/bin/nm -B output from gcc object
configure:7176: gcc -c -g -O0  conftest.c >&5
configure:7179: $? = 0
configure:7183: /usr/bin/nm -B conftest.o \| sed -n -e 's/^.*[	 ]\([ABCDGIRSTW][ABCDGIRSTW]*\)[	 ][	 ]*\([_A-Za-z][_A-Za-z0-9]*\)$/\1 \2 \2/p' \> conftest.nm
configure:7186: $? = 0
configure:7240: gcc -o conftest -g -O0   conftest.c conftstm.o >&5
configure:7243: $? = 0
configure:7281: result: ok
configure:7376: gcc -c -g -O0  conftest.c >&5
configure:7379: $? = 0
configure:8086: checking for dlfcn.h
configure:8086: gcc -c -g -O0  conftest.c >&5
configure:8086: $? = 0
configure:8086: result: yes
configure:8270: checking for objdir
configure:8285: result: .libs
configure:8577: checking if gcc supports -fno-rtti -fno-exceptions
configure:8595: gcc -c -g -O0  -fno-rtti -fno-exceptions conftest.c >&5
cc1: warning: command line option "-fno-rtti" is valid for C++/ObjC++ but not for C
configure:8599: $? = 0
configure:8612: result: no
configure:8632: checking for gcc option to produce PIC
configure:8904: result: -fPIC -DPIC
configure:8916: checking if gcc PIC flag -fPIC -DPIC works
configure:8934: gcc -c -g -O0  -fPIC -DPIC -DPIC conftest.c >&5
configure:8938: $? = 0
configure:8951: result: yes
configure:8975: checking if gcc static flag -static works
configure:9003: result: yes
configure:9018: checking if gcc supports -c -o file.o
configure:9039: gcc -c -g -O0  -o out/conftest2.o conftest.c >&5
configure:9043: $? = 0
configure:9065: result: yes
configure:9073: checking if gcc supports -c -o file.o
configure:9120: result: yes
configure:9153: checking whether the gcc linker (/usr/x86_64-suse-linux/bin/ld -m elf_x86_64) supports shared libraries
configure:10140: result: yes
configure:10177: checking whether -lc should be explicitly linked in
configure:10182: gcc -c -g -O0  conftest.c >&5
configure:10185: $? = 0
configure:10200: gcc -shared conftest.o  -v -Wl,-soname -Wl,conftest -o conftest 2\>\&1 \| /usr/bin/grep  -lc  \>/dev/null 2\>\&1
configure:10203: $? = 0
configure:10215: result: no
configure:10379: checking dynamic linker characteristics
configure:10812: gcc -o conftest -g -O0   -Wl,-rpath -Wl,/foo conftest.c  >&5
configure:10812: $? = 0
configure:11030: result: GNU/Linux ld.so
configure:11132: checking how to hardcode library paths into programs
configure:11157: result: immediate
configure:11677: checking whether stripping libraries is possible
configure:11682: result: yes
configure:11717: checking if libtool supports shared libraries
configure:11719: result: yes
configure:11722: checking whether to build shared libraries
configure:11743: result: yes
configure:11746: checking whether to build static libraries
configure:11750: result: yes
configure:11841: checking for pkg-config
configure:11859: found /usr/bin/pkg-config
configure:11871: result: /usr/bin/pkg-config
configure:11896: checking pkg-config is at least version 0.9.0
configure:11899: result: yes
configure:11909: checking for GTK_OYRANOS
configure:11916: $PKG_CONFIG --exists --print-errors "gtk+-2.0 >= 2.16 "
configure:11919: $? = 0
configure:11932: $PKG_CONFIG --exists --print-errors "gtk+-2.0 >= 2.16 "
configure:11935: $? = 0
configure:11992: result: yes
configure:12140: creating ./config.status

## ---------------------- ##
## Running config.status. ##
## ---------------------- ##

This file was extended by gtk_oyranos config.status 0.1, which was
generated by GNU Autoconf 2.68.  Invocation command line was

  CONFIG_FILES    = 
  CONFIG_HEADERS  = 
  CONFIG_LINKS    = 
  CONFIG_COMMANDS = 
  $ ./config.status 

on linux-2kbl.site

config.status:1154: creating Makefile
config.status:1154: creating src/Makefile
config.status:1154: creating po/Makefile.in
config.status:1154: creating config.h
config.status:1368: executing depfiles commands
config.status:1368: executing default-1 commands
config.status:1368: executing libtool commands
config.status:1368: executing po/stamp-it commands

## ---------------- ##
## Cache variables. ##
## ---------------- ##

ac_cv_build=x86_64-suse-linux-gnu
ac_cv_c_compiler_gnu=yes
ac_cv_env_CC_set=
ac_cv_env_CC_value=
ac_cv_env_CFLAGS_set=set
ac_cv_env_CFLAGS_value='-g -O0'
ac_cv_env_CPPFLAGS_set=
ac_cv_env_CPPFLAGS_value=
ac_cv_env_CPP_set=
ac_cv_env_CPP_value=
ac_cv_env_GTK_OYRANOS_CFLAGS_set=
ac_cv_env_GTK_OYRANOS_CFLAGS_value=
ac_cv_env_GTK_OYRANOS_LIBS_set=
ac_cv_env_GTK_OYRANOS_LIBS_value=
ac_cv_env_LDFLAGS_set=
ac_cv_env_LDFLAGS_value=
ac_cv_env_LIBS_set=
ac_cv_env_LIBS_value=
ac_cv_env_PKG_CONFIG_LIBDIR_set=
ac_cv_env_PKG_CONFIG_LIBDIR_value=
ac_cv_env_PKG_CONFIG_PATH_set=
ac_cv_env_PKG_CONFIG_PATH_value=
ac_cv_env_PKG_CONFIG_set=
ac_cv_env_PKG_CONFIG_value=
ac_cv_env_build_alias_set=
ac_cv_env_build_alias_value=
ac_cv_env_host_alias_set=
ac_cv_env_host_alias_value=
ac_cv_env_target_alias_set=
ac_cv_env_target_alias_value=
ac_cv_func_bind_textdomain_codeset=yes
ac_cv_func_dcgettext=yes
ac_cv_header_dlfcn_h=yes
ac_cv_header_inttypes_h=yes
ac_cv_header_libintl_h=yes
ac_cv_header_locale_h=yes
ac_cv_header_memory_h=yes
ac_cv_header_stdc=yes
ac_cv_header_stdint_h=yes
ac_cv_header_stdlib_h=yes
ac_cv_header_string_h=yes
ac_cv_header_strings_h=yes
ac_cv_header_sys_stat_h=yes
ac_cv_header_sys_types_h=yes
ac_cv_header_unistd_h=yes
ac_cv_host=x86_64-suse-linux-gnu
ac_cv_objext=o
ac_cv_path_EGREP='/usr/bin/grep -E'
ac_cv_path_FGREP='/usr/bin/grep -F'
ac_cv_path_GMSGFMT=/usr/bin/msgfmt
ac_cv_path_GREP=/usr/bin/grep
ac_cv_path_INTLTOOL_EXTRACT=/usr/bin/intltool-extract
ac_cv_path_INTLTOOL_MERGE=/usr/bin/intltool-merge
ac_cv_path_INTLTOOL_PERL=/usr/bin/perl
ac_cv_path_INTLTOOL_UPDATE=/usr/bin/intltool-update
ac_cv_path_MSGFMT=/usr/bin/msgfmt
ac_cv_path_MSGMERGE=/usr/bin/msgmerge
ac_cv_path_SED=/usr/bin/sed
ac_cv_path_XGETTEXT=/usr/bin/xgettext
ac_cv_path_ac_pt_PKG_CONFIG=/usr/bin/pkg-config
ac_cv_path_install='/usr/bin/install -c'
ac_cv_path_mkdir=/bin/mkdir
ac_cv_prog_AWK=gawk
ac_cv_prog_CPP='gcc -E'
ac_cv_prog_ac_ct_AR=ar
ac_cv_prog_ac_ct_CC=gcc
ac_cv_prog_ac_ct_OBJDUMP=objdump
ac_cv_prog_ac_ct_RANLIB=ranlib
ac_cv_prog_ac_ct_STRIP=strip
ac_cv_prog_cc_c89=
ac_cv_prog_cc_g=yes
ac_cv_prog_make_make_set=yes
am_cv_CC_dependencies_compiler_type=gcc3
am_cv_val_LC_MESSAGES=yes
gt_cv_func_dgettext_libc=yes
gt_cv_func_dgettext_libintl=no
gt_cv_func_ngettext_libc=yes
gt_cv_have_gettext=yes
lt_cv_deplibs_check_method=pass_all
lt_cv_file_magic_cmd='$MAGIC_CMD'
lt_cv_file_magic_test_file=
lt_cv_ld_reload_flag=-r
lt_cv_nm_interface='BSD nm'
lt_cv_objdir=.libs
lt_cv_path_LD=/usr/x86_64-suse-linux/bin/ld
lt_cv_path_NM='/usr/bin/nm -B'
lt_cv_prog_compiler_c_o=yes
lt_cv_prog_compiler_pic_works=yes
lt_cv_prog_compiler_rtti_exceptions=no
lt_cv_prog_compiler_static_works=yes
lt_cv_prog_gnu_ld=yes
lt_cv_sys_global_symbol_pipe='sed -n -e '\''s/^.*[	 ]\([ABCDGIRSTW][ABCDGIRSTW]*\)[	 ][	 ]*\([_A-Za-z][_A-Za-z0-9]*\)$/\1 \2 \2/p'\'''
lt_cv_sys_global_symbol_to_c_name_address='sed -n -e '\''s/^: \([^ ]*\) $/  {\"\1\", (void *) 0},/p'\'' -e '\''s/^[ABCDGIRSTW]* \([^ ]*\) \([^ ]*\)$/  {"\2", (void *) \&\2},/p'\'''
lt_cv_sys_global_symbol_to_c_name_address_lib_prefix='sed -n -e '\''s/^: \([^ ]*\) $/  {\"\1\", (void *) 0},/p'\'' -e '\''s/^[ABCDGIRSTW]* \([^ ]*\) \(lib[^ ]*\)$/  {"\2", (void *) \&\2},/p'\'' -e '\''s/^[ABCDGIRSTW]* \([^ ]*\) \([^ ]*\)$/  {"lib\2", (void *) \&\2},/p'\'''
lt_cv_sys_global_symbol_to_cdecl='sed -n -e '\''s/^T .* \(.*\)$/extern int \1();/p'\'' -e '\''s/^[ABCDGIRSTW]* .* \(.*\)$/extern char \1;/p'\'''
lt_cv_sys_max_cmd_len=1572864
pkg_cv_GTK_OYRANOS_CFLAGS='-pthread -I/usr/include/gtk-2.0 -I/usr/lib64/gtk-2.0/include -I/usr/include/atk-1.0 -I/usr/include/cairo -I/usr/include/gdk-pixbuf-2.0 -I/usr/include/pango-1.0 -I/usr/include/glib-2.0 -I/usr/lib64/glib-2.0/include -I/usr/include/pixman-1 -I/usr/include/freetype2 -I/usr/include/libpng14  '
pkg_cv_GTK_OYRANOS_LIBS='-pthread -lgtk-x11-2.0 -lgdk-x11-2.0 -latk-1.0 -lgio-2.0 -lpangoft2-1.0 -lpangocairo-1.0 -lgdk_pixbuf-2.0 -lm -lcairo -lpng14 -lpango-1.0 -lfreetype -lfontconfig -lgobject-2.0 -lgmodule-2.0 -lgthread-2.0 -lrt -lglib-2.0  '

## ----------------- ##
## Output variables. ##
## ----------------- ##

ACLOCAL='${SHELL} /home/nitin/gtk_oyranos/missing --run aclocal-1.11'
ALL_LINGUAS=''
AMDEPBACKSLASH='\'
AMDEP_FALSE='#'
AMDEP_TRUE=''
AMTAR='${SHELL} /home/nitin/gtk_oyranos/missing --run tar'
AM_BACKSLASH='\'
AM_DEFAULT_VERBOSITY='0'
AR='ar'
AUTOCONF='${SHELL} /home/nitin/gtk_oyranos/missing --run autoconf'
AUTOHEADER='${SHELL} /home/nitin/gtk_oyranos/missing --run autoheader'
AUTOMAKE='${SHELL} /home/nitin/gtk_oyranos/missing --run automake-1.11'
AWK='gawk'
CATALOGS=''
CATOBJEXT='.gmo'
CC='gcc'
CCDEPMODE='depmode=gcc3'
CFLAGS='-g -O0'
CPP='gcc -E'
CPPFLAGS=''
CYGPATH_W='echo'
DATADIRNAME='share'
DEFS='-DHAVE_CONFIG_H'
DEPDIR='.deps'
DSYMUTIL=''
DUMPBIN=''
ECHO_C=''
ECHO_N='-n'
ECHO_T=''
EGREP='/usr/bin/grep -E'
EXEEXT=''
FGREP='/usr/bin/grep -F'
GETTEXT_PACKAGE='gtk_oyranos'
GMOFILES=''
GMSGFMT='/usr/bin/msgfmt'
GREP='/usr/bin/grep'
GTK_OYRANOS_CFLAGS='-pthread -I/usr/include/gtk-2.0 -I/usr/lib64/gtk-2.0/include -I/usr/include/atk-1.0 -I/usr/include/cairo -I/usr/include/gdk-pixbuf-2.0 -I/usr/include/pango-1.0 -I/usr/include/glib-2.0 -I/usr/lib64/glib-2.0/include -I/usr/include/pixman-1 -I/usr/include/freetype2 -I/usr/include/libpng14  '
GTK_OYRANOS_LIBS='-pthread -lgtk-x11-2.0 -lgdk-x11-2.0 -latk-1.0 -lgio-2.0 -lpangoft2-1.0 -lpangocairo-1.0 -lgdk_pixbuf-2.0 -lm -lcairo -lpng14 -lpango-1.0 -lfreetype -lfontconfig -lgobject-2.0 -lgmodule-2.0 -lgthread-2.0 -lrt -lglib-2.0  '
INSTALL_DATA='${INSTALL} -m 644'
INSTALL_PROGRAM='${INSTALL}'
INSTALL_SCRIPT='${INSTALL}'
INSTALL_STRIP_PROGRAM='$(install_sh) -c -s'
INSTOBJEXT='.mo'
INTLLIBS=''
INTLTOOL_CAVES_RULE='%.caves:     %.caves.in     $(INTLTOOL_MERGE) $(wildcard $(top_srcdir)/po/*.po) ; LC_ALL=C $(INTLTOOL_MERGE) -d -u -c $(top_builddir)/po/.intltool-merge-cache $(top_srcdir)/po $< $@'
INTLTOOL_DESKTOP_RULE='%.desktop:   %.desktop.in   $(INTLTOOL_MERGE) $(wildcard $(top_srcdir)/po/*.po) ; LC_ALL=C $(INTLTOOL_MERGE) -d -u -c $(top_builddir)/po/.intltool-merge-cache $(top_srcdir)/po $< $@'
INTLTOOL_DIRECTORY_RULE='%.directory: %.directory.in $(INTLTOOL_MERGE) $(wildcard $(top_srcdir)/po/*.po) ; LC_ALL=C $(INTLTOOL_MERGE) -d -u -c $(top_builddir)/po/.intltool-merge-cache $(top_srcdir)/po $< $@'
INTLTOOL_EXTRACT='/usr/bin/intltool-extract'
INTLTOOL_KBD_RULE='%.kbd:       %.kbd.in       $(INTLTOOL_MERGE) $(wildcard $(top_srcdir)/po/*.po) ; LC_ALL=C $(INTLTOOL_MERGE) -x -u -m -c $(top_builddir)/po/.intltool-merge-cache $(top_srcdir)/po $< $@'
INTLTOOL_KEYS_RULE='%.keys:      %.keys.in      $(INTLTOOL_MERGE) $(wildcard $(top_srcdir)/po/*.po) ; LC_ALL=C $(INTLTOOL_MERGE) -k -u -c $(top_builddir)/po/.intltool-merge-cache $(top_srcdir)/po $< $@'
INTLTOOL_MERGE='/usr/bin/intltool-merge'
INTLTOOL_OAF_RULE='%.oaf:       %.oaf.in       $(INTLTOOL_MERGE) $(wildcard $(top_srcdir)/po/*.po) ; LC_ALL=C $(INTLTOOL_MERGE) -o -p $(top_srcdir)/po $< $@'
INTLTOOL_PERL='/usr/bin/perl'
INTLTOOL_POLICY_RULE='%.policy:    %.policy.in    $(INTLTOOL_MERGE) $(wildcard $(top_srcdir)/po/*.po) ; LC_ALL=C $(INTLTOOL_MERGE) -x -u -c $(top_builddir)/po/.intltool-merge-cache $(top_srcdir)/po $< $@'
INTLTOOL_PONG_RULE='%.pong:      %.pong.in      $(INTLTOOL_MERGE) $(wildcard $(top_srcdir)/po/*.po) ; LC_ALL=C $(INTLTOOL_MERGE) -x -u -c $(top_builddir)/po/.intltool-merge-cache $(top_srcdir)/po $< $@'
INTLTOOL_PROP_RULE='%.prop:      %.prop.in      $(INTLTOOL_MERGE) $(wildcard $(top_srcdir)/po/*.po) ; LC_ALL=C $(INTLTOOL_MERGE) -d -u -c $(top_builddir)/po/.intltool-merge-cache $(top_srcdir)/po $< $@'
INTLTOOL_SCHEMAS_RULE='%.schemas:   %.schemas.in   $(INTLTOOL_MERGE) $(wildcard $(top_srcdir)/po/*.po) ; LC_ALL=C $(INTLTOOL_MERGE) -s -u -c $(top_builddir)/po/.intltool-merge-cache $(top_srcdir)/po $< $@'
INTLTOOL_SERVER_RULE='%.server:    %.server.in    $(INTLTOOL_MERGE) $(wildcard $(top_srcdir)/po/*.po) ; LC_ALL=C $(INTLTOOL_MERGE) -o -u -c $(top_builddir)/po/.intltool-merge-cache $(top_srcdir)/po $< $@'
INTLTOOL_SERVICE_RULE='%.service: %.service.in   $(INTLTOOL_MERGE) $(wildcard $(top_srcdir)/po/*.po) ; LC_ALL=C $(INTLTOOL_MERGE) -d -u -c $(top_builddir)/po/.intltool-merge-cache $(top_srcdir)/po $< $@'
INTLTOOL_SHEET_RULE='%.sheet:     %.sheet.in     $(INTLTOOL_MERGE) $(wildcard $(top_srcdir)/po/*.po) ; LC_ALL=C $(INTLTOOL_MERGE) -x -u -c $(top_builddir)/po/.intltool-merge-cache $(top_srcdir)/po $< $@'
INTLTOOL_SOUNDLIST_RULE='%.soundlist: %.soundlist.in $(INTLTOOL_MERGE) $(wildcard $(top_srcdir)/po/*.po) ; LC_ALL=C $(INTLTOOL_MERGE) -d -u -c $(top_builddir)/po/.intltool-merge-cache $(top_srcdir)/po $< $@'
INTLTOOL_THEME_RULE='%.theme:     %.theme.in     $(INTLTOOL_MERGE) $(wildcard $(top_srcdir)/po/*.po) ; LC_ALL=C $(INTLTOOL_MERGE) -d -u -c $(top_builddir)/po/.intltool-merge-cache $(top_srcdir)/po $< $@'
INTLTOOL_UI_RULE='%.ui:        %.ui.in        $(INTLTOOL_MERGE) $(wildcard $(top_srcdir)/po/*.po) ; LC_ALL=C $(INTLTOOL_MERGE) -x -u -c $(top_builddir)/po/.intltool-merge-cache $(top_srcdir)/po $< $@'
INTLTOOL_UPDATE='/usr/bin/intltool-update'
INTLTOOL_XAM_RULE='%.xam:       %.xml.in       $(INTLTOOL_MERGE) $(wildcard $(top_srcdir)/po/*.po) ; LC_ALL=C $(INTLTOOL_MERGE) -x -u -c $(top_builddir)/po/.intltool-merge-cache $(top_srcdir)/po $< $@'
INTLTOOL_XML_NOMERGE_RULE='%.xml:       %.xml.in       $(INTLTOOL_MERGE) ; LC_ALL=C $(INTLTOOL_MERGE) -x -u /tmp $< $@'
INTLTOOL_XML_RULE='%.xml:       %.xml.in       $(INTLTOOL_MERGE) $(wildcard $(top_srcdir)/po/*.po) ; LC_ALL=C $(INTLTOOL_MERGE) -x -u -c $(top_builddir)/po/.intltool-merge-cache $(top_srcdir)/po $< $@'
LD='/usr/x86_64-suse-linux/bin/ld -m elf_x86_64'
LDFLAGS=''
LIBOBJS=''
LIBS=''
LIBTOOL='$(SHELL) $(top_builddir)/libtool'
LIPO=''
LN_S='ln -s'
LTLIBOBJS=''
MAINT=''
MAINTAINER_MODE_FALSE='#'
MAINTAINER_MODE_TRUE=''
MAKEINFO='${SHELL} /home/nitin/gtk_oyranos/missing --run makeinfo'
MKDIR_P='/bin/mkdir -p'
MKINSTALLDIRS='/home/nitin/gtk_oyranos/mkinstalldirs'
MSGFMT='/usr/bin/msgfmt'
MSGFMT_OPTS='-c'
MSGMERGE='/usr/bin/msgmerge'
NM='/usr/bin/nm -B'
NMEDIT=''
OBJDUMP='objdump'
OBJEXT='o'
OTOOL64=''
OTOOL=''
PACKAGE='gtk_oyranos'
PACKAGE_BUGREPORT=''
PACKAGE_NAME='gtk_oyranos'
PACKAGE_STRING='gtk_oyranos 0.1'
PACKAGE_TARNAME='gtk_oyranos'
PACKAGE_URL=''
PACKAGE_VERSION='0.1'
PATH_SEPARATOR=':'
PKG_CONFIG='/usr/bin/pkg-config'
PKG_CONFIG_LIBDIR=''
PKG_CONFIG_PATH=''
POFILES=''
POSUB='po'
PO_IN_DATADIR_FALSE=''
PO_IN_DATADIR_TRUE=''
RANLIB='ranlib'
SED='/usr/bin/sed'
SET_MAKE=''
SHELL='/bin/sh'
STRIP='strip'
USE_NLS='yes'
VERSION='0.1'
XGETTEXT='/usr/bin/xgettext'
ac_ct_CC='gcc'
ac_ct_DUMPBIN=''
am__EXEEXT_FALSE=''
am__EXEEXT_TRUE='#'
am__fastdepCC_FALSE='#'
am__fastdepCC_TRUE=''
am__include='include'
am__isrc=' -I$(srcdir)'
am__leading_dot='.'
am__quote=''
am__tar='${AMTAR} chof - "$$tardir"'
am__untar='${AMTAR} xf -'
bindir='${exec_prefix}/bin'
build='x86_64-suse-linux-gnu'
build_alias=''
build_cpu='x86_64'
build_os='linux-gnu'
build_vendor='suse'
datadir='${datarootdir}'
datarootdir='${prefix}/share'
docdir='${datarootdir}/doc/${PACKAGE_TARNAME}'
dvidir='${docdir}'
exec_prefix='${prefix}'
host='x86_64-suse-linux-gnu'
host_alias=''
host_cpu='x86_64'
host_os='linux-gnu'
host_vendor='suse'
htmldir='${docdir}'
includedir='${prefix}/include'
infodir='${datarootdir}/info'
install_sh='${SHELL} /home/nitin/gtk_oyranos/install-sh'
libdir='${exec_prefix}/lib'
libexecdir='${exec_prefix}/libexec'
localedir='${datarootdir}/locale'
localstatedir='${prefix}/var'
lt_ECHO='echo'
mandir='${datarootdir}/man'
mkdir_p='/bin/mkdir -p'
oldincludedir='/usr/include'
pdfdir='${docdir}'
prefix='/usr/local'
program_transform_name='s,x,x,'
psdir='${docdir}'
sbindir='${exec_prefix}/sbin'
sharedstatedir='${prefix}/com'
sysconfdir='${prefix}/etc'
target_alias=''

## ----------- ##
## confdefs.h. ##
## ----------- ##

/* confdefs.h */
#define PACKAGE_NAME "gtk_oyranos"
#define PACKAGE_TARNAME "gtk_oyranos"
#define PACKAGE_VERSION "0.1"
#define PACKAGE_STRING "gtk_oyranos 0.1"
#define PACKAGE_BUGREPORT ""
#define PACKAGE_URL ""
#define PACKAGE "gtk_oyranos"
#define VERSION "0.1"
#define GETTEXT_PACKAGE "gtk_oyranos"
#define STDC_HEADERS 1
#define HAVE_SYS_TYPES_H 1
#define HAVE_SYS_STAT_H 1
#define HAVE_STDLIB_H 1
#define HAVE_STRING_H 1
#define HAVE_MEMORY_H 1
#define HAVE_STRINGS_H 1
#define HAVE_INTTYPES_H 1
#define HAVE_STDINT_H 1
#define HAVE_UNISTD_H 1
#define HAVE_LOCALE_H 1
#define HAVE_LC_MESSAGES 1
#define HAVE_BIND_TEXTDOMAIN_CODESET 1
#define HAVE_GETTEXT 1
#define HAVE_DCGETTEXT 1
#define ENABLE_NLS 1
#define HAVE_DLFCN_H 1
#define LT_OBJDIR ".libs/"

configure: exit 0
